Build started 9/16/2015 7:25:54 PM.
     1>Project "D:\Dropbox\Programming\Projects\Patch-Based Image Warping for Content-Aware Retargeting\Patch-Based Image Warping for Content-Aware Retargeting\Patch-Based Image Warping for Content-Aware Retargeting.vcxproj" on node 2 (Build target(s)).
     1>ClCompile:
         C:\Program Files (x86)\Microsoft Visual Studio 11.0\VC\bin\CL.exe /c /Zi /nologo /W3 /WX- /O2 /Oi /Oy- /GL /D WIN32 /D NDEBUG /D _CONSOLE /D _CRT_SECURE_NO_WARNINGS /D _UNICODE /D UNICODE /Gm- /EHsc /MD /GS /Gy /fp:precise /Zc:wchar_t /Zc:forScope /Fo"Release\\" /Fd"Release\vc110.pdb" /Gd /TP /analyze- /errorReport:prompt main.cpp
         main.cpp
       Link:
         C:\Program Files (x86)\Microsoft Visual Studio 11.0\VC\bin\link.exe /ERRORREPORT:PROMPT /OUT:"D:\Dropbox\Programming\Projects\Patch-Based Image Warping for Content-Aware Retargeting\Release\Patch-Based Image Warping for Content-Aware Retargeting.exe" /INCREMENTAL:NO /NOLOGO cplex1260.lib ilocplex.lib concert.lib opencv_core2411.lib opencv_highgui2411.lib opencv_imgproc2411.lib kernel32.lib user32.lib gdi32.lib winspool.lib comdlg32.lib advapi32.lib shell32.lib ole32.lib oleaut32.lib uuid.lib odbc32.lib odbccp32.lib /MANIFEST /MANIFESTUAC:"level='asInvoker' uiAccess='false'" /manifest:embed /DEBUG /PDB:"D:\Dropbox\Programming\Projects\Patch-Based Image Warping for Content-Aware Retargeting\Release\Patch-Based Image Warping for Content-Aware Retargeting.pdb" /SUBSYSTEM:CONSOLE /OPT:REF /OPT:ICF /LTCG /TLBID:1 /DYNAMICBASE /NXCOMPAT /IMPLIB:"D:\Dropbox\Programming\Projects\Patch-Based Image Warping for Content-Aware Retargeting\Release\Patch-Based Image Warping for Content-Aware Retargeting.lib" /MACHINE:X86 /SAFESEH:NO Release\triangle.obj
         Release\main.obj
         Generating code
         Finished generating code
     1>concert.lib(ilosstructi.obj) : warning LNK4099: PDB 'concert.pdb' was not found with 'concert.lib(ilosstructi.obj)' or at 'D:\Dropbox\Programming\Projects\Patch-Based Image Warping for Content-Aware Retargeting\Release\concert.pdb'; linking object as if no debug info
     1>concert.lib(ilohash.obj) : warning LNK4099: PDB 'concert.pdb' was not found with 'concert.lib(ilohash.obj)' or at 'D:\Dropbox\Programming\Projects\Patch-Based Image Warping for Content-Aware Retargeting\Release\concert.pdb'; linking object as if no debug info
     1>concert.lib(iloalg.obj) : warning LNK4099: PDB 'concert.pdb' was not found with 'concert.lib(iloalg.obj)' or at 'D:\Dropbox\Programming\Projects\Patch-Based Image Warping for Content-Aware Retargeting\Release\concert.pdb'; linking object as if no debug info
     1>concert.lib(iloenv.obj) : warning LNK4099: PDB 'concert.pdb' was not found with 'concert.lib(iloenv.obj)' or at 'D:\Dropbox\Programming\Projects\Patch-Based Image Warping for Content-Aware Retargeting\Release\concert.pdb'; linking object as if no debug info
     1>concert.lib(ilostimei.obj) : warning LNK4099: PDB 'concert.pdb' was not found with 'concert.lib(ilostimei.obj)' or at 'D:\Dropbox\Programming\Projects\Patch-Based Image Warping for Content-Aware Retargeting\Release\concert.pdb'; linking object as if no debug info
     1>concert.lib(iloallocator.obj) : warning LNK4099: PDB 'concert.pdb' was not found with 'concert.lib(iloallocator.obj)' or at 'D:\Dropbox\Programming\Projects\Patch-Based Image Warping for Content-Aware Retargeting\Release\concert.pdb'; linking object as if no debug info
     1>concert.lib(ilosatomi.obj) : warning LNK4099: PDB 'concert.pdb' was not found with 'concert.lib(ilosatomi.obj)' or at 'D:\Dropbox\Programming\Projects\Patch-Based Image Warping for Content-Aware Retargeting\Release\concert.pdb'; linking object as if no debug info
     1>concert.lib(iloserror.obj) : warning LNK4099: PDB 'concert.pdb' was not found with 'concert.lib(iloserror.obj)' or at 'D:\Dropbox\Programming\Projects\Patch-Based Image Warping for Content-Aware Retargeting\Release\concert.pdb'; linking object as if no debug info
     1>concert.lib(ilosdisplayi.obj) : warning LNK4099: PDB 'concert.pdb' was not found with 'concert.lib(ilosdisplayi.obj)' or at 'D:\Dropbox\Programming\Projects\Patch-Based Image Warping for Content-Aware Retargeting\Release\concert.pdb'; linking object as if no debug info
     1>concert.lib(ilorandom.obj) : warning LNK4099: PDB 'concert.pdb' was not found with 'concert.lib(ilorandom.obj)' or at 'D:\Dropbox\Programming\Projects\Patch-Based Image Warping for Content-Aware Retargeting\Release\concert.pdb'; linking object as if no debug info
     1>concert.lib(ilothread.obj) : warning LNK4099: PDB 'concert.pdb' was not found with 'concert.lib(ilothread.obj)' or at 'D:\Dropbox\Programming\Projects\Patch-Based Image Warping for Content-Aware Retargeting\Release\concert.pdb'; linking object as if no debug info
     1>concert.lib(ilossol.obj) : warning LNK4099: PDB 'concert.pdb' was not found with 'concert.lib(ilossol.obj)' or at 'D:\Dropbox\Programming\Projects\Patch-Based Image Warping for Content-Aware Retargeting\Release\concert.pdb'; linking object as if no debug info
     1>concert.lib(ilotypes.obj) : warning LNK4099: PDB 'concert.pdb' was not found with 'concert.lib(ilotypes.obj)' or at 'D:\Dropbox\Programming\Projects\Patch-Based Image Warping for Content-Aware Retargeting\Release\concert.pdb'; linking object as if no debug info
     1>concert.lib(iloexpression.obj) : warning LNK4099: PDB 'concert.pdb' was not found with 'concert.lib(iloexpression.obj)' or at 'D:\Dropbox\Programming\Projects\Patch-Based Image Warping for Content-Aware Retargeting\Release\concert.pdb'; linking object as if no debug info
     1>concert.lib(ilosbasic.obj) : warning LNK4099: PDB 'concert.pdb' was not found with 'concert.lib(ilosbasic.obj)' or at 'D:\Dropbox\Programming\Projects\Patch-Based Image Warping for Content-Aware Retargeting\Release\concert.pdb'; linking object as if no debug info
     1>concert.lib(iloset.obj) : warning LNK4099: PDB 'concert.pdb' was not found with 'concert.lib(iloset.obj)' or at 'D:\Dropbox\Programming\Projects\Patch-Based Image Warping for Content-Aware Retargeting\Release\concert.pdb'; linking object as if no debug info
     1>concert.lib(iloconstraint.obj) : warning LNK4099: PDB 'concert.pdb' was not found with 'concert.lib(iloconstraint.obj)' or at 'D:\Dropbox\Programming\Projects\Patch-Based Image Warping for Content-Aware Retargeting\Release\concert.pdb'; linking object as if no debug info
     1>concert.lib(iloanyexpr.obj) : warning LNK4099: PDB 'concert.pdb' was not found with 'concert.lib(iloanyexpr.obj)' or at 'D:\Dropbox\Programming\Projects\Patch-Based Image Warping for Content-Aware Retargeting\Release\concert.pdb'; linking object as if no debug info
     1>concert.lib(iloextractable.obj) : warning LNK4099: PDB 'concert.pdb' was not found with 'concert.lib(iloextractable.obj)' or at 'D:\Dropbox\Programming\Projects\Patch-Based Image Warping for Content-Aware Retargeting\Release\concert.pdb'; linking object as if no debug info
     1>concert.lib(ilomap.obj) : warning LNK4099: PDB 'concert.pdb' was not found with 'concert.lib(ilomap.obj)' or at 'D:\Dropbox\Programming\Projects\Patch-Based Image Warping for Content-Aware Retargeting\Release\concert.pdb'; linking object as if no debug info
     1>concert.lib(ilosmodel.obj) : warning LNK4099: PDB 'concert.pdb' was not found with 'concert.lib(ilosmodel.obj)' or at 'D:\Dropbox\Programming\Projects\Patch-Based Image Warping for Content-Aware Retargeting\Release\concert.pdb'; linking object as if no debug info
     1>concert.lib(ilosolution.obj) : warning LNK4099: PDB 'concert.pdb' was not found with 'concert.lib(ilosolution.obj)' or at 'D:\Dropbox\Programming\Projects\Patch-Based Image Warping for Content-Aware Retargeting\Release\concert.pdb'; linking object as if no debug info
     1>concert.lib(iloiterator.obj) : warning LNK4099: PDB 'concert.pdb' was not found with 'concert.lib(iloiterator.obj)' or at 'D:\Dropbox\Programming\Projects\Patch-Based Image Warping for Content-Aware Retargeting\Release\concert.pdb'; linking object as if no debug info
     1>concert.lib(ilossequencei.obj) : warning LNK4099: PDB 'concert.pdb' was not found with 'concert.lib(ilossequencei.obj)' or at 'D:\Dropbox\Programming\Projects\Patch-Based Image Warping for Content-Aware Retargeting\Release\concert.pdb'; linking object as if no debug info
     1>concert.lib(ilocollection.obj) : warning LNK4099: PDB 'concert.pdb' was not found with 'concert.lib(ilocollection.obj)' or at 'D:\Dropbox\Programming\Projects\Patch-Based Image Warping for Content-Aware Retargeting\Release\concert.pdb'; linking object as if no debug info
     1>concert.lib(ilocollectionstruct.obj) : warning LNK4099: PDB 'concert.pdb' was not found with 'concert.lib(ilocollectionstruct.obj)' or at 'D:\Dropbox\Programming\Projects\Patch-Based Image Warping for Content-Aware Retargeting\Release\concert.pdb'; linking object as if no debug info
     1>concert.lib(ilosimplecollection.obj) : warning LNK4099: PDB 'concert.pdb' was not found with 'concert.lib(ilosimplecollection.obj)' or at 'D:\Dropbox\Programming\Projects\Patch-Based Image Warping for Content-Aware Retargeting\Release\concert.pdb'; linking object as if no debug info
     1>concert.lib(ilocollectionoperator.obj) : warning LNK4099: PDB 'concert.pdb' was not found with 'concert.lib(ilocollectionoperator.obj)' or at 'D:\Dropbox\Programming\Projects\Patch-Based Image Warping for Content-Aware Retargeting\Release\concert.pdb'; linking object as if no debug info
     1>concert.lib(ilocollectioniterator.obj) : warning LNK4099: PDB 'concert.pdb' was not found with 'concert.lib(ilocollectioniterator.obj)' or at 'D:\Dropbox\Programming\Projects\Patch-Based Image Warping for Content-Aware Retargeting\Release\concert.pdb'; linking object as if no debug info
     1>concert.lib(iloskiplist.obj) : warning LNK4099: PDB 'concert.pdb' was not found with 'concert.lib(iloskiplist.obj)' or at 'D:\Dropbox\Programming\Projects\Patch-Based Image Warping for Content-Aware Retargeting\Release\concert.pdb'; linking object as if no debug info
     1>concert.lib(ilonumfunci.obj) : warning LNK4099: PDB 'concert.pdb' was not found with 'concert.lib(ilonumfunci.obj)' or at 'D:\Dropbox\Programming\Projects\Patch-Based Image Warping for Content-Aware Retargeting\Release\concert.pdb'; linking object as if no debug info
     1>concert.lib(iloparami.obj) : warning LNK4099: PDB 'concert.pdb' was not found with 'concert.lib(iloparami.obj)' or at 'D:\Dropbox\Programming\Projects\Patch-Based Image Warping for Content-Aware Retargeting\Release\concert.pdb'; linking object as if no debug info
     1>concert.lib(ilointervalsi.obj) : warning LNK4099: PDB 'concert.pdb' was not found with 'concert.lib(ilointervalsi.obj)' or at 'D:\Dropbox\Programming\Projects\Patch-Based Image Warping for Content-Aware Retargeting\Release\concert.pdb'; linking object as if no debug info
     1>concert.lib(evalkernel.obj) : warning LNK4099: PDB 'concert.pdb' was not found with 'concert.lib(evalkernel.obj)' or at 'D:\Dropbox\Programming\Projects\Patch-Based Image Warping for Content-Aware Retargeting\Release\concert.pdb'; linking object as if no debug info
     1>concert.lib(evaluator.obj) : warning LNK4099: PDB 'concert.pdb' was not found with 'concert.lib(evaluator.obj)' or at 'D:\Dropbox\Programming\Projects\Patch-Based Image Warping for Content-Aware Retargeting\Release\concert.pdb'; linking object as if no debug info
     1>concert.lib(evalexpand.obj) : warning LNK4099: PDB 'concert.pdb' was not found with 'concert.lib(evalexpand.obj)' or at 'D:\Dropbox\Programming\Projects\Patch-Based Image Warping for Content-Aware Retargeting\Release\concert.pdb'; linking object as if no debug info
     1>concert.lib(strtod.obj) : warning LNK4099: PDB 'concert.pdb' was not found with 'concert.lib(strtod.obj)' or at 'D:\Dropbox\Programming\Projects\Patch-Based Image Warping for Content-Aware Retargeting\Release\concert.pdb'; linking object as if no debug info
         Patch-Based Image Warping for Content-Aware Retargeting.vcxproj -> D:\Dropbox\Programming\Projects\Patch-Based Image Warping for Content-Aware Retargeting\Release\Patch-Based Image Warping for Content-Aware Retargeting.exe
     1>Done Building Project "D:\Dropbox\Programming\Projects\Patch-Based Image Warping for Content-Aware Retargeting\Patch-Based Image Warping for Content-Aware Retargeting\Patch-Based Image Warping for Content-Aware Retargeting.vcxproj" (Build target(s)).

Build succeeded.

Time Elapsed 00:00:04.90
