D:\DROPBOX\PROGRAMMING\PROJECTS\PATCH-BASED IMAGE WARPING FOR CONTENT-AWARE RETARGETING\PATCH-BASED IMAGE WARPING FOR CONTENT-AWARE RETARGETING\RELEASE\MAIN.OBJ
D:\DROPBOX\PROGRAMMING\PROJECTS\PATCH-BASED IMAGE WARPING FOR CONTENT-AWARE RETARGETING\PATCH-BASED IMAGE WARPING FOR CONTENT-AWARE RETARGETING\RELEASE\TRIANGLE.OBJ
D:\DROPBOX\PROGRAMMING\PROJECTS\PATCH-BASED IMAGE WARPING FOR CONTENT-AWARE RETARGETING\PATCH-BASED IMAGE WARPING FOR CONTENT-AWARE RETARGETING\RELEASE\VC110.PDB
D:\DROPBOX\PROGRAMMING\PROJECTS\PATCH-BASED IMAGE WARPING FOR CONTENT-AWARE RETARGETING\RELEASE\PATCH-BASED IMAGE WARPING FOR CONTENT-AWARE RETARGETING.EXE
D:\DROPBOX\PROGRAMMING\PROJECTS\PATCH-BASED IMAGE WARPING FOR CONTENT-AWARE RETARGETING\RELEASE\PATCH-BASED IMAGE WARPING FOR CONTENT-AWARE RETARGETING.PDB
D:\Dropbox\Programming\Projects\Patch-Based Image Warping for Content-Aware Retargeting\Patch-Based Image Warping for Content-Aware Retargeting\Release\main.obj
D:\Dropbox\Programming\Projects\Patch-Based Image Warping for Content-Aware Retargeting\Patch-Based Image Warping for Content-Aware Retargeting\Release\triangle.obj
D:\Dropbox\Programming\Projects\Patch-Based Image Warping for Content-Aware Retargeting\Patch-Based Image Warping for Content-Aware Retargeting\Release\cl.command.1.tlog
D:\Dropbox\Programming\Projects\Patch-Based Image Warping for Content-Aware Retargeting\Patch-Based Image Warping for Content-Aware Retargeting\Release\CL.read.1.tlog
D:\Dropbox\Programming\Projects\Patch-Based Image Warping for Content-Aware Retargeting\Patch-Based Image Warping for Content-Aware Retargeting\Release\CL.write.1.tlog
D:\Dropbox\Programming\Projects\Patch-Based Image Warping for Content-Aware Retargeting\Patch-Based Image Warping for Content-Aware Retargeting\Release\link-cvtres.read.1.tlog
D:\Dropbox\Programming\Projects\Patch-Based Image Warping for Content-Aware Retargeting\Patch-Based Image Warping for Content-Aware Retargeting\Release\link-cvtres.write.1.tlog
D:\Dropbox\Programming\Projects\Patch-Based Image Warping for Content-Aware Retargeting\Patch-Based Image Warping for Content-Aware Retargeting\Release\link-rc.read.1.tlog
D:\Dropbox\Programming\Projects\Patch-Based Image Warping for Content-Aware Retargeting\Patch-Based Image Warping for Content-Aware Retargeting\Release\link-rc.write.1.tlog
D:\Dropbox\Programming\Projects\Patch-Based Image Warping for Content-Aware Retargeting\Patch-Based Image Warping for Content-Aware Retargeting\Release\link.command.1.tlog
D:\Dropbox\Programming\Projects\Patch-Based Image Warping for Content-Aware Retargeting\Patch-Based Image Warping for Content-Aware Retargeting\Release\link.read.1.tlog
D:\Dropbox\Programming\Projects\Patch-Based Image Warping for Content-Aware Retargeting\Patch-Based Image Warping for Content-Aware Retargeting\Release\link.write.1.tlog
D:\Dropbox\Programming\Projects\Patch-Based Image Warping for Content-Aware Retargeting\Patch-Based Image Warping for Content-Aware Retargeting\Release\vc110.pdb
D:\Dropbox\Programming\Projects\Patch-Based Image Warping for Content-Aware Retargeting\Release\Patch-Based Image Warping for Content-Aware Retargeting.pdb
D:\Dropbox\Programming\Projects\Patch-Based Image Warping for Content-Aware Retargeting\Release\Patch-Based Image Warping for Content-Aware Retargeting.exe
