D:\DROPBOX\PROGRAMMING\PROJECTS\PATCH-BASED IMAGE WARPING FOR CONTENT-AWARE RETARGETING\PATCH-BASED IMAGE WARPING FOR CONTENT-AWARE RETARGETING\DEBUG\BMP_READER.OBJ
D:\DROPBOX\PROGRAMMING\PROJECTS\PATCH-BASED IMAGE WARPING FOR CONTENT-AWARE RETARGETING\PATCH-BASED IMAGE WARPING FOR CONTENT-AWARE RETARGETING\DEBUG\SEGMENTATION.OBJ
D:\DROPBOX\PROGRAMMING\PROJECTS\PATCH-BASED IMAGE WARPING FOR CONTENT-AWARE RETARGETING\PATCH-BASED IMAGE WARPING FOR CONTENT-AWARE RETARGETING\DEBUG\TRIANGLE.OBJ
D:\DROPBOX\PROGRAMMING\PROJECTS\PATCH-BASED IMAGE WARPING FOR CONTENT-AWARE RETARGETING\PATCH-BASED IMAGE WARPING FOR CONTENT-AWARE RETARGETING\DEBUG\VC110.PDB
D:\DROPBOX\PROGRAMMING\PROJECTS\PATCH-BASED IMAGE WARPING FOR CONTENT-AWARE RETARGETING\PATCH-BASED IMAGE WARPING FOR CONTENT-AWARE RETARGETING\DEBUG\MAIN.OBJ
D:\DROPBOX\PROGRAMMING\PROJECTS\PATCH-BASED IMAGE WARPING FOR CONTENT-AWARE RETARGETING\DEBUG\PATCH-BASED IMAGE WARPING FOR CONTENT-AWARE RETARGETING.ILK
D:\DROPBOX\PROGRAMMING\PROJECTS\PATCH-BASED IMAGE WARPING FOR CONTENT-AWARE RETARGETING\DEBUG\PATCH-BASED IMAGE WARPING FOR CONTENT-AWARE RETARGETING.EXE
D:\DROPBOX\PROGRAMMING\PROJECTS\PATCH-BASED IMAGE WARPING FOR CONTENT-AWARE RETARGETING\DEBUG\PATCH-BASED IMAGE WARPING FOR CONTENT-AWARE RETARGETING.PDB
D:\Dropbox\Programming\Projects\Patch-Based Image Warping for Content-Aware Retargeting\Patch-Based Image Warping for Content-Aware Retargeting\Debug\bmp_reader.obj
D:\Dropbox\Programming\Projects\Patch-Based Image Warping for Content-Aware Retargeting\Patch-Based Image Warping for Content-Aware Retargeting\Debug\main.obj
D:\Dropbox\Programming\Projects\Patch-Based Image Warping for Content-Aware Retargeting\Patch-Based Image Warping for Content-Aware Retargeting\Debug\segmentation.obj
D:\Dropbox\Programming\Projects\Patch-Based Image Warping for Content-Aware Retargeting\Patch-Based Image Warping for Content-Aware Retargeting\Debug\triangle.obj
D:\Dropbox\Programming\Projects\Patch-Based Image Warping for Content-Aware Retargeting\Patch-Based Image Warping for Content-Aware Retargeting\Debug\cl.command.1.tlog
D:\Dropbox\Programming\Projects\Patch-Based Image Warping for Content-Aware Retargeting\Patch-Based Image Warping for Content-Aware Retargeting\Debug\CL.read.1.tlog
D:\Dropbox\Programming\Projects\Patch-Based Image Warping for Content-Aware Retargeting\Patch-Based Image Warping for Content-Aware Retargeting\Debug\CL.write.1.tlog
D:\Dropbox\Programming\Projects\Patch-Based Image Warping for Content-Aware Retargeting\Patch-Based Image Warping for Content-Aware Retargeting\Debug\link-cvtres.read.1.tlog
D:\Dropbox\Programming\Projects\Patch-Based Image Warping for Content-Aware Retargeting\Patch-Based Image Warping for Content-Aware Retargeting\Debug\link-cvtres.write.1.tlog
D:\Dropbox\Programming\Projects\Patch-Based Image Warping for Content-Aware Retargeting\Patch-Based Image Warping for Content-Aware Retargeting\Debug\link-rc.read.1.tlog
D:\Dropbox\Programming\Projects\Patch-Based Image Warping for Content-Aware Retargeting\Patch-Based Image Warping for Content-Aware Retargeting\Debug\link-rc.write.1.tlog
D:\Dropbox\Programming\Projects\Patch-Based Image Warping for Content-Aware Retargeting\Patch-Based Image Warping for Content-Aware Retargeting\Debug\link.2256-cvtres.read.1.tlog
D:\Dropbox\Programming\Projects\Patch-Based Image Warping for Content-Aware Retargeting\Patch-Based Image Warping for Content-Aware Retargeting\Debug\link.2256-cvtres.write.1.tlog
D:\Dropbox\Programming\Projects\Patch-Based Image Warping for Content-Aware Retargeting\Patch-Based Image Warping for Content-Aware Retargeting\Debug\link.2256-rc.read.1.tlog
D:\Dropbox\Programming\Projects\Patch-Based Image Warping for Content-Aware Retargeting\Patch-Based Image Warping for Content-Aware Retargeting\Debug\link.2256-rc.write.1.tlog
D:\Dropbox\Programming\Projects\Patch-Based Image Warping for Content-Aware Retargeting\Patch-Based Image Warping for Content-Aware Retargeting\Debug\link.2256.read.1.tlog
D:\Dropbox\Programming\Projects\Patch-Based Image Warping for Content-Aware Retargeting\Patch-Based Image Warping for Content-Aware Retargeting\Debug\link.2256.read.2.tlog
D:\Dropbox\Programming\Projects\Patch-Based Image Warping for Content-Aware Retargeting\Patch-Based Image Warping for Content-Aware Retargeting\Debug\link.2256.write.1.tlog
D:\Dropbox\Programming\Projects\Patch-Based Image Warping for Content-Aware Retargeting\Patch-Based Image Warping for Content-Aware Retargeting\Debug\link.2612-cvtres.read.1.tlog
D:\Dropbox\Programming\Projects\Patch-Based Image Warping for Content-Aware Retargeting\Patch-Based Image Warping for Content-Aware Retargeting\Debug\link.2612-cvtres.write.1.tlog
D:\Dropbox\Programming\Projects\Patch-Based Image Warping for Content-Aware Retargeting\Patch-Based Image Warping for Content-Aware Retargeting\Debug\link.2612-rc.read.1.tlog
D:\Dropbox\Programming\Projects\Patch-Based Image Warping for Content-Aware Retargeting\Patch-Based Image Warping for Content-Aware Retargeting\Debug\link.2612-rc.write.1.tlog
D:\Dropbox\Programming\Projects\Patch-Based Image Warping for Content-Aware Retargeting\Patch-Based Image Warping for Content-Aware Retargeting\Debug\link.2612.read.1.tlog
D:\Dropbox\Programming\Projects\Patch-Based Image Warping for Content-Aware Retargeting\Patch-Based Image Warping for Content-Aware Retargeting\Debug\link.2612.read.2.tlog
D:\Dropbox\Programming\Projects\Patch-Based Image Warping for Content-Aware Retargeting\Patch-Based Image Warping for Content-Aware Retargeting\Debug\link.2612.write.1.tlog
D:\Dropbox\Programming\Projects\Patch-Based Image Warping for Content-Aware Retargeting\Patch-Based Image Warping for Content-Aware Retargeting\Debug\link.2648-cvtres.read.1.tlog
D:\Dropbox\Programming\Projects\Patch-Based Image Warping for Content-Aware Retargeting\Patch-Based Image Warping for Content-Aware Retargeting\Debug\link.2648-cvtres.write.1.tlog
D:\Dropbox\Programming\Projects\Patch-Based Image Warping for Content-Aware Retargeting\Patch-Based Image Warping for Content-Aware Retargeting\Debug\link.2648-rc.read.1.tlog
D:\Dropbox\Programming\Projects\Patch-Based Image Warping for Content-Aware Retargeting\Patch-Based Image Warping for Content-Aware Retargeting\Debug\link.2648-rc.write.1.tlog
D:\Dropbox\Programming\Projects\Patch-Based Image Warping for Content-Aware Retargeting\Patch-Based Image Warping for Content-Aware Retargeting\Debug\link.2648.read.1.tlog
D:\Dropbox\Programming\Projects\Patch-Based Image Warping for Content-Aware Retargeting\Patch-Based Image Warping for Content-Aware Retargeting\Debug\link.2648.read.2.tlog
D:\Dropbox\Programming\Projects\Patch-Based Image Warping for Content-Aware Retargeting\Patch-Based Image Warping for Content-Aware Retargeting\Debug\link.2648.write.1.tlog
D:\Dropbox\Programming\Projects\Patch-Based Image Warping for Content-Aware Retargeting\Patch-Based Image Warping for Content-Aware Retargeting\Debug\link.3616-cvtres.read.1.tlog
D:\Dropbox\Programming\Projects\Patch-Based Image Warping for Content-Aware Retargeting\Patch-Based Image Warping for Content-Aware Retargeting\Debug\link.3616-cvtres.write.1.tlog
D:\Dropbox\Programming\Projects\Patch-Based Image Warping for Content-Aware Retargeting\Patch-Based Image Warping for Content-Aware Retargeting\Debug\link.3616-rc.read.1.tlog
D:\Dropbox\Programming\Projects\Patch-Based Image Warping for Content-Aware Retargeting\Patch-Based Image Warping for Content-Aware Retargeting\Debug\link.3616-rc.write.1.tlog
D:\Dropbox\Programming\Projects\Patch-Based Image Warping for Content-Aware Retargeting\Patch-Based Image Warping for Content-Aware Retargeting\Debug\link.3616.read.1.tlog
D:\Dropbox\Programming\Projects\Patch-Based Image Warping for Content-Aware Retargeting\Patch-Based Image Warping for Content-Aware Retargeting\Debug\link.3616.read.2.tlog
D:\Dropbox\Programming\Projects\Patch-Based Image Warping for Content-Aware Retargeting\Patch-Based Image Warping for Content-Aware Retargeting\Debug\link.3616.write.1.tlog
D:\Dropbox\Programming\Projects\Patch-Based Image Warping for Content-Aware Retargeting\Patch-Based Image Warping for Content-Aware Retargeting\Debug\link.4200-cvtres.read.1.tlog
D:\Dropbox\Programming\Projects\Patch-Based Image Warping for Content-Aware Retargeting\Patch-Based Image Warping for Content-Aware Retargeting\Debug\link.4200-cvtres.write.1.tlog
D:\Dropbox\Programming\Projects\Patch-Based Image Warping for Content-Aware Retargeting\Patch-Based Image Warping for Content-Aware Retargeting\Debug\link.4200-rc.read.1.tlog
D:\Dropbox\Programming\Projects\Patch-Based Image Warping for Content-Aware Retargeting\Patch-Based Image Warping for Content-Aware Retargeting\Debug\link.4200-rc.write.1.tlog
D:\Dropbox\Programming\Projects\Patch-Based Image Warping for Content-Aware Retargeting\Patch-Based Image Warping for Content-Aware Retargeting\Debug\link.4200.read.1.tlog
D:\Dropbox\Programming\Projects\Patch-Based Image Warping for Content-Aware Retargeting\Patch-Based Image Warping for Content-Aware Retargeting\Debug\link.4200.read.2.tlog
D:\Dropbox\Programming\Projects\Patch-Based Image Warping for Content-Aware Retargeting\Patch-Based Image Warping for Content-Aware Retargeting\Debug\link.4200.write.1.tlog
D:\Dropbox\Programming\Projects\Patch-Based Image Warping for Content-Aware Retargeting\Patch-Based Image Warping for Content-Aware Retargeting\Debug\link.4780-cvtres.read.1.tlog
D:\Dropbox\Programming\Projects\Patch-Based Image Warping for Content-Aware Retargeting\Patch-Based Image Warping for Content-Aware Retargeting\Debug\link.4780-cvtres.write.1.tlog
D:\Dropbox\Programming\Projects\Patch-Based Image Warping for Content-Aware Retargeting\Patch-Based Image Warping for Content-Aware Retargeting\Debug\link.4780-rc.read.1.tlog
D:\Dropbox\Programming\Projects\Patch-Based Image Warping for Content-Aware Retargeting\Patch-Based Image Warping for Content-Aware Retargeting\Debug\link.4780-rc.write.1.tlog
D:\Dropbox\Programming\Projects\Patch-Based Image Warping for Content-Aware Retargeting\Patch-Based Image Warping for Content-Aware Retargeting\Debug\link.4780.read.1.tlog
D:\Dropbox\Programming\Projects\Patch-Based Image Warping for Content-Aware Retargeting\Patch-Based Image Warping for Content-Aware Retargeting\Debug\link.4780.read.2.tlog
D:\Dropbox\Programming\Projects\Patch-Based Image Warping for Content-Aware Retargeting\Patch-Based Image Warping for Content-Aware Retargeting\Debug\link.4780.write.1.tlog
D:\Dropbox\Programming\Projects\Patch-Based Image Warping for Content-Aware Retargeting\Patch-Based Image Warping for Content-Aware Retargeting\Debug\link.4948-cvtres.read.1.tlog
D:\Dropbox\Programming\Projects\Patch-Based Image Warping for Content-Aware Retargeting\Patch-Based Image Warping for Content-Aware Retargeting\Debug\link.4948-cvtres.write.1.tlog
D:\Dropbox\Programming\Projects\Patch-Based Image Warping for Content-Aware Retargeting\Patch-Based Image Warping for Content-Aware Retargeting\Debug\link.4948-rc.read.1.tlog
D:\Dropbox\Programming\Projects\Patch-Based Image Warping for Content-Aware Retargeting\Patch-Based Image Warping for Content-Aware Retargeting\Debug\link.4948-rc.write.1.tlog
D:\Dropbox\Programming\Projects\Patch-Based Image Warping for Content-Aware Retargeting\Patch-Based Image Warping for Content-Aware Retargeting\Debug\link.4948.read.1.tlog
D:\Dropbox\Programming\Projects\Patch-Based Image Warping for Content-Aware Retargeting\Patch-Based Image Warping for Content-Aware Retargeting\Debug\link.4948.read.2.tlog
D:\Dropbox\Programming\Projects\Patch-Based Image Warping for Content-Aware Retargeting\Patch-Based Image Warping for Content-Aware Retargeting\Debug\link.4948.write.1.tlog
D:\Dropbox\Programming\Projects\Patch-Based Image Warping for Content-Aware Retargeting\Patch-Based Image Warping for Content-Aware Retargeting\Debug\link.5152-cvtres.read.1.tlog
D:\Dropbox\Programming\Projects\Patch-Based Image Warping for Content-Aware Retargeting\Patch-Based Image Warping for Content-Aware Retargeting\Debug\link.5152-cvtres.write.1.tlog
D:\Dropbox\Programming\Projects\Patch-Based Image Warping for Content-Aware Retargeting\Patch-Based Image Warping for Content-Aware Retargeting\Debug\link.5152-rc.read.1.tlog
D:\Dropbox\Programming\Projects\Patch-Based Image Warping for Content-Aware Retargeting\Patch-Based Image Warping for Content-Aware Retargeting\Debug\link.5152-rc.write.1.tlog
D:\Dropbox\Programming\Projects\Patch-Based Image Warping for Content-Aware Retargeting\Patch-Based Image Warping for Content-Aware Retargeting\Debug\link.5152.read.1.tlog
D:\Dropbox\Programming\Projects\Patch-Based Image Warping for Content-Aware Retargeting\Patch-Based Image Warping for Content-Aware Retargeting\Debug\link.5152.read.2.tlog
D:\Dropbox\Programming\Projects\Patch-Based Image Warping for Content-Aware Retargeting\Patch-Based Image Warping for Content-Aware Retargeting\Debug\link.5152.write.1.tlog
D:\Dropbox\Programming\Projects\Patch-Based Image Warping for Content-Aware Retargeting\Patch-Based Image Warping for Content-Aware Retargeting\Debug\link.5188-cvtres.read.1.tlog
D:\Dropbox\Programming\Projects\Patch-Based Image Warping for Content-Aware Retargeting\Patch-Based Image Warping for Content-Aware Retargeting\Debug\link.5188-cvtres.write.1.tlog
D:\Dropbox\Programming\Projects\Patch-Based Image Warping for Content-Aware Retargeting\Patch-Based Image Warping for Content-Aware Retargeting\Debug\link.5188-rc.read.1.tlog
D:\Dropbox\Programming\Projects\Patch-Based Image Warping for Content-Aware Retargeting\Patch-Based Image Warping for Content-Aware Retargeting\Debug\link.5188-rc.write.1.tlog
D:\Dropbox\Programming\Projects\Patch-Based Image Warping for Content-Aware Retargeting\Patch-Based Image Warping for Content-Aware Retargeting\Debug\link.5188.read.1.tlog
D:\Dropbox\Programming\Projects\Patch-Based Image Warping for Content-Aware Retargeting\Patch-Based Image Warping for Content-Aware Retargeting\Debug\link.5188.read.2.tlog
D:\Dropbox\Programming\Projects\Patch-Based Image Warping for Content-Aware Retargeting\Patch-Based Image Warping for Content-Aware Retargeting\Debug\link.5188.write.1.tlog
D:\Dropbox\Programming\Projects\Patch-Based Image Warping for Content-Aware Retargeting\Patch-Based Image Warping for Content-Aware Retargeting\Debug\link.5520-cvtres.read.1.tlog
D:\Dropbox\Programming\Projects\Patch-Based Image Warping for Content-Aware Retargeting\Patch-Based Image Warping for Content-Aware Retargeting\Debug\link.5520-cvtres.write.1.tlog
D:\Dropbox\Programming\Projects\Patch-Based Image Warping for Content-Aware Retargeting\Patch-Based Image Warping for Content-Aware Retargeting\Debug\link.5520-rc.read.1.tlog
D:\Dropbox\Programming\Projects\Patch-Based Image Warping for Content-Aware Retargeting\Patch-Based Image Warping for Content-Aware Retargeting\Debug\link.5520-rc.write.1.tlog
D:\Dropbox\Programming\Projects\Patch-Based Image Warping for Content-Aware Retargeting\Patch-Based Image Warping for Content-Aware Retargeting\Debug\link.5520.read.1.tlog
D:\Dropbox\Programming\Projects\Patch-Based Image Warping for Content-Aware Retargeting\Patch-Based Image Warping for Content-Aware Retargeting\Debug\link.5520.read.2.tlog
D:\Dropbox\Programming\Projects\Patch-Based Image Warping for Content-Aware Retargeting\Patch-Based Image Warping for Content-Aware Retargeting\Debug\link.5520.write.1.tlog
D:\Dropbox\Programming\Projects\Patch-Based Image Warping for Content-Aware Retargeting\Patch-Based Image Warping for Content-Aware Retargeting\Debug\link.576-cvtres.read.1.tlog
D:\Dropbox\Programming\Projects\Patch-Based Image Warping for Content-Aware Retargeting\Patch-Based Image Warping for Content-Aware Retargeting\Debug\link.576-cvtres.write.1.tlog
D:\Dropbox\Programming\Projects\Patch-Based Image Warping for Content-Aware Retargeting\Patch-Based Image Warping for Content-Aware Retargeting\Debug\link.576-rc.read.1.tlog
D:\Dropbox\Programming\Projects\Patch-Based Image Warping for Content-Aware Retargeting\Patch-Based Image Warping for Content-Aware Retargeting\Debug\link.576-rc.write.1.tlog
D:\Dropbox\Programming\Projects\Patch-Based Image Warping for Content-Aware Retargeting\Patch-Based Image Warping for Content-Aware Retargeting\Debug\link.576.read.1.tlog
D:\Dropbox\Programming\Projects\Patch-Based Image Warping for Content-Aware Retargeting\Patch-Based Image Warping for Content-Aware Retargeting\Debug\link.576.read.2.tlog
D:\Dropbox\Programming\Projects\Patch-Based Image Warping for Content-Aware Retargeting\Patch-Based Image Warping for Content-Aware Retargeting\Debug\link.576.write.1.tlog
D:\Dropbox\Programming\Projects\Patch-Based Image Warping for Content-Aware Retargeting\Patch-Based Image Warping for Content-Aware Retargeting\Debug\link.5828-cvtres.read.1.tlog
D:\Dropbox\Programming\Projects\Patch-Based Image Warping for Content-Aware Retargeting\Patch-Based Image Warping for Content-Aware Retargeting\Debug\link.5828-cvtres.write.1.tlog
D:\Dropbox\Programming\Projects\Patch-Based Image Warping for Content-Aware Retargeting\Patch-Based Image Warping for Content-Aware Retargeting\Debug\link.5828-rc.read.1.tlog
D:\Dropbox\Programming\Projects\Patch-Based Image Warping for Content-Aware Retargeting\Patch-Based Image Warping for Content-Aware Retargeting\Debug\link.5828-rc.write.1.tlog
D:\Dropbox\Programming\Projects\Patch-Based Image Warping for Content-Aware Retargeting\Patch-Based Image Warping for Content-Aware Retargeting\Debug\link.5828.read.1.tlog
D:\Dropbox\Programming\Projects\Patch-Based Image Warping for Content-Aware Retargeting\Patch-Based Image Warping for Content-Aware Retargeting\Debug\link.5828.read.2.tlog
D:\Dropbox\Programming\Projects\Patch-Based Image Warping for Content-Aware Retargeting\Patch-Based Image Warping for Content-Aware Retargeting\Debug\link.5828.write.1.tlog
D:\Dropbox\Programming\Projects\Patch-Based Image Warping for Content-Aware Retargeting\Patch-Based Image Warping for Content-Aware Retargeting\Debug\link.6444-cvtres.read.1.tlog
D:\Dropbox\Programming\Projects\Patch-Based Image Warping for Content-Aware Retargeting\Patch-Based Image Warping for Content-Aware Retargeting\Debug\link.6444-cvtres.write.1.tlog
D:\Dropbox\Programming\Projects\Patch-Based Image Warping for Content-Aware Retargeting\Patch-Based Image Warping for Content-Aware Retargeting\Debug\link.6444-rc.read.1.tlog
D:\Dropbox\Programming\Projects\Patch-Based Image Warping for Content-Aware Retargeting\Patch-Based Image Warping for Content-Aware Retargeting\Debug\link.6444-rc.write.1.tlog
D:\Dropbox\Programming\Projects\Patch-Based Image Warping for Content-Aware Retargeting\Patch-Based Image Warping for Content-Aware Retargeting\Debug\link.6444.read.1.tlog
D:\Dropbox\Programming\Projects\Patch-Based Image Warping for Content-Aware Retargeting\Patch-Based Image Warping for Content-Aware Retargeting\Debug\link.6444.read.2.tlog
D:\Dropbox\Programming\Projects\Patch-Based Image Warping for Content-Aware Retargeting\Patch-Based Image Warping for Content-Aware Retargeting\Debug\link.6444.write.1.tlog
D:\Dropbox\Programming\Projects\Patch-Based Image Warping for Content-Aware Retargeting\Patch-Based Image Warping for Content-Aware Retargeting\Debug\link.6576-cvtres.read.1.tlog
D:\Dropbox\Programming\Projects\Patch-Based Image Warping for Content-Aware Retargeting\Patch-Based Image Warping for Content-Aware Retargeting\Debug\link.6576-cvtres.write.1.tlog
D:\Dropbox\Programming\Projects\Patch-Based Image Warping for Content-Aware Retargeting\Patch-Based Image Warping for Content-Aware Retargeting\Debug\link.6576-rc.read.1.tlog
D:\Dropbox\Programming\Projects\Patch-Based Image Warping for Content-Aware Retargeting\Patch-Based Image Warping for Content-Aware Retargeting\Debug\link.6576-rc.write.1.tlog
D:\Dropbox\Programming\Projects\Patch-Based Image Warping for Content-Aware Retargeting\Patch-Based Image Warping for Content-Aware Retargeting\Debug\link.6576.read.1.tlog
D:\Dropbox\Programming\Projects\Patch-Based Image Warping for Content-Aware Retargeting\Patch-Based Image Warping for Content-Aware Retargeting\Debug\link.6576.read.2.tlog
D:\Dropbox\Programming\Projects\Patch-Based Image Warping for Content-Aware Retargeting\Patch-Based Image Warping for Content-Aware Retargeting\Debug\link.6576.write.1.tlog
D:\Dropbox\Programming\Projects\Patch-Based Image Warping for Content-Aware Retargeting\Patch-Based Image Warping for Content-Aware Retargeting\Debug\link.6616-cvtres.read.1.tlog
D:\Dropbox\Programming\Projects\Patch-Based Image Warping for Content-Aware Retargeting\Patch-Based Image Warping for Content-Aware Retargeting\Debug\link.6616-cvtres.write.1.tlog
D:\Dropbox\Programming\Projects\Patch-Based Image Warping for Content-Aware Retargeting\Patch-Based Image Warping for Content-Aware Retargeting\Debug\link.6616-rc.read.1.tlog
D:\Dropbox\Programming\Projects\Patch-Based Image Warping for Content-Aware Retargeting\Patch-Based Image Warping for Content-Aware Retargeting\Debug\link.6616-rc.write.1.tlog
D:\Dropbox\Programming\Projects\Patch-Based Image Warping for Content-Aware Retargeting\Patch-Based Image Warping for Content-Aware Retargeting\Debug\link.6616.read.1.tlog
D:\Dropbox\Programming\Projects\Patch-Based Image Warping for Content-Aware Retargeting\Patch-Based Image Warping for Content-Aware Retargeting\Debug\link.6616.read.2.tlog
D:\Dropbox\Programming\Projects\Patch-Based Image Warping for Content-Aware Retargeting\Patch-Based Image Warping for Content-Aware Retargeting\Debug\link.6616.write.1.tlog
D:\Dropbox\Programming\Projects\Patch-Based Image Warping for Content-Aware Retargeting\Patch-Based Image Warping for Content-Aware Retargeting\Debug\link.6700-cvtres.read.1.tlog
D:\Dropbox\Programming\Projects\Patch-Based Image Warping for Content-Aware Retargeting\Patch-Based Image Warping for Content-Aware Retargeting\Debug\link.6700-cvtres.write.1.tlog
D:\Dropbox\Programming\Projects\Patch-Based Image Warping for Content-Aware Retargeting\Patch-Based Image Warping for Content-Aware Retargeting\Debug\link.6700-rc.read.1.tlog
D:\Dropbox\Programming\Projects\Patch-Based Image Warping for Content-Aware Retargeting\Patch-Based Image Warping for Content-Aware Retargeting\Debug\link.6700-rc.write.1.tlog
D:\Dropbox\Programming\Projects\Patch-Based Image Warping for Content-Aware Retargeting\Patch-Based Image Warping for Content-Aware Retargeting\Debug\link.6700.read.1.tlog
D:\Dropbox\Programming\Projects\Patch-Based Image Warping for Content-Aware Retargeting\Patch-Based Image Warping for Content-Aware Retargeting\Debug\link.6700.read.2.tlog
D:\Dropbox\Programming\Projects\Patch-Based Image Warping for Content-Aware Retargeting\Patch-Based Image Warping for Content-Aware Retargeting\Debug\link.6700.write.1.tlog
D:\Dropbox\Programming\Projects\Patch-Based Image Warping for Content-Aware Retargeting\Patch-Based Image Warping for Content-Aware Retargeting\Debug\link.6904-cvtres.read.1.tlog
D:\Dropbox\Programming\Projects\Patch-Based Image Warping for Content-Aware Retargeting\Patch-Based Image Warping for Content-Aware Retargeting\Debug\link.6904-cvtres.write.1.tlog
D:\Dropbox\Programming\Projects\Patch-Based Image Warping for Content-Aware Retargeting\Patch-Based Image Warping for Content-Aware Retargeting\Debug\link.6904-rc.read.1.tlog
D:\Dropbox\Programming\Projects\Patch-Based Image Warping for Content-Aware Retargeting\Patch-Based Image Warping for Content-Aware Retargeting\Debug\link.6904-rc.write.1.tlog
D:\Dropbox\Programming\Projects\Patch-Based Image Warping for Content-Aware Retargeting\Patch-Based Image Warping for Content-Aware Retargeting\Debug\link.6904.read.1.tlog
D:\Dropbox\Programming\Projects\Patch-Based Image Warping for Content-Aware Retargeting\Patch-Based Image Warping for Content-Aware Retargeting\Debug\link.6904.read.2.tlog
D:\Dropbox\Programming\Projects\Patch-Based Image Warping for Content-Aware Retargeting\Patch-Based Image Warping for Content-Aware Retargeting\Debug\link.6904.write.1.tlog
D:\Dropbox\Programming\Projects\Patch-Based Image Warping for Content-Aware Retargeting\Patch-Based Image Warping for Content-Aware Retargeting\Debug\link.7608-cvtres.read.1.tlog
D:\Dropbox\Programming\Projects\Patch-Based Image Warping for Content-Aware Retargeting\Patch-Based Image Warping for Content-Aware Retargeting\Debug\link.7608-cvtres.write.1.tlog
D:\Dropbox\Programming\Projects\Patch-Based Image Warping for Content-Aware Retargeting\Patch-Based Image Warping for Content-Aware Retargeting\Debug\link.7608-rc.read.1.tlog
D:\Dropbox\Programming\Projects\Patch-Based Image Warping for Content-Aware Retargeting\Patch-Based Image Warping for Content-Aware Retargeting\Debug\link.7608-rc.write.1.tlog
D:\Dropbox\Programming\Projects\Patch-Based Image Warping for Content-Aware Retargeting\Patch-Based Image Warping for Content-Aware Retargeting\Debug\link.7608.read.1.tlog
D:\Dropbox\Programming\Projects\Patch-Based Image Warping for Content-Aware Retargeting\Patch-Based Image Warping for Content-Aware Retargeting\Debug\link.7608.read.2.tlog
D:\Dropbox\Programming\Projects\Patch-Based Image Warping for Content-Aware Retargeting\Patch-Based Image Warping for Content-Aware Retargeting\Debug\link.7608.write.1.tlog
D:\Dropbox\Programming\Projects\Patch-Based Image Warping for Content-Aware Retargeting\Patch-Based Image Warping for Content-Aware Retargeting\Debug\link.7700-cvtres.read.1.tlog
D:\Dropbox\Programming\Projects\Patch-Based Image Warping for Content-Aware Retargeting\Patch-Based Image Warping for Content-Aware Retargeting\Debug\link.7700-cvtres.write.1.tlog
D:\Dropbox\Programming\Projects\Patch-Based Image Warping for Content-Aware Retargeting\Patch-Based Image Warping for Content-Aware Retargeting\Debug\link.7700-rc.read.1.tlog
D:\Dropbox\Programming\Projects\Patch-Based Image Warping for Content-Aware Retargeting\Patch-Based Image Warping for Content-Aware Retargeting\Debug\link.7700-rc.write.1.tlog
D:\Dropbox\Programming\Projects\Patch-Based Image Warping for Content-Aware Retargeting\Patch-Based Image Warping for Content-Aware Retargeting\Debug\link.7700.read.1.tlog
D:\Dropbox\Programming\Projects\Patch-Based Image Warping for Content-Aware Retargeting\Patch-Based Image Warping for Content-Aware Retargeting\Debug\link.7700.read.2.tlog
D:\Dropbox\Programming\Projects\Patch-Based Image Warping for Content-Aware Retargeting\Patch-Based Image Warping for Content-Aware Retargeting\Debug\link.7700.write.1.tlog
D:\Dropbox\Programming\Projects\Patch-Based Image Warping for Content-Aware Retargeting\Patch-Based Image Warping for Content-Aware Retargeting\Debug\link.7876-cvtres.read.1.tlog
D:\Dropbox\Programming\Projects\Patch-Based Image Warping for Content-Aware Retargeting\Patch-Based Image Warping for Content-Aware Retargeting\Debug\link.7876-cvtres.write.1.tlog
D:\Dropbox\Programming\Projects\Patch-Based Image Warping for Content-Aware Retargeting\Patch-Based Image Warping for Content-Aware Retargeting\Debug\link.7876-rc.read.1.tlog
D:\Dropbox\Programming\Projects\Patch-Based Image Warping for Content-Aware Retargeting\Patch-Based Image Warping for Content-Aware Retargeting\Debug\link.7876-rc.write.1.tlog
D:\Dropbox\Programming\Projects\Patch-Based Image Warping for Content-Aware Retargeting\Patch-Based Image Warping for Content-Aware Retargeting\Debug\link.7876.read.1.tlog
D:\Dropbox\Programming\Projects\Patch-Based Image Warping for Content-Aware Retargeting\Patch-Based Image Warping for Content-Aware Retargeting\Debug\link.7876.read.2.tlog
D:\Dropbox\Programming\Projects\Patch-Based Image Warping for Content-Aware Retargeting\Patch-Based Image Warping for Content-Aware Retargeting\Debug\link.7876.write.1.tlog
D:\Dropbox\Programming\Projects\Patch-Based Image Warping for Content-Aware Retargeting\Patch-Based Image Warping for Content-Aware Retargeting\Debug\link.8072-cvtres.read.1.tlog
D:\Dropbox\Programming\Projects\Patch-Based Image Warping for Content-Aware Retargeting\Patch-Based Image Warping for Content-Aware Retargeting\Debug\link.8072-cvtres.write.1.tlog
D:\Dropbox\Programming\Projects\Patch-Based Image Warping for Content-Aware Retargeting\Patch-Based Image Warping for Content-Aware Retargeting\Debug\link.8072-rc.read.1.tlog
D:\Dropbox\Programming\Projects\Patch-Based Image Warping for Content-Aware Retargeting\Patch-Based Image Warping for Content-Aware Retargeting\Debug\link.8072-rc.write.1.tlog
D:\Dropbox\Programming\Projects\Patch-Based Image Warping for Content-Aware Retargeting\Patch-Based Image Warping for Content-Aware Retargeting\Debug\link.8072.read.1.tlog
D:\Dropbox\Programming\Projects\Patch-Based Image Warping for Content-Aware Retargeting\Patch-Based Image Warping for Content-Aware Retargeting\Debug\link.8072.read.2.tlog
D:\Dropbox\Programming\Projects\Patch-Based Image Warping for Content-Aware Retargeting\Patch-Based Image Warping for Content-Aware Retargeting\Debug\link.8072.write.1.tlog
D:\Dropbox\Programming\Projects\Patch-Based Image Warping for Content-Aware Retargeting\Patch-Based Image Warping for Content-Aware Retargeting\Debug\link.command.1.tlog
D:\Dropbox\Programming\Projects\Patch-Based Image Warping for Content-Aware Retargeting\Patch-Based Image Warping for Content-Aware Retargeting\Debug\link.read.1.tlog
D:\Dropbox\Programming\Projects\Patch-Based Image Warping for Content-Aware Retargeting\Patch-Based Image Warping for Content-Aware Retargeting\Debug\link.read.2.tlog
D:\Dropbox\Programming\Projects\Patch-Based Image Warping for Content-Aware Retargeting\Patch-Based Image Warping for Content-Aware Retargeting\Debug\link.write.1.tlog
D:\Dropbox\Programming\Projects\Patch-Based Image Warping for Content-Aware Retargeting\Patch-Based Image Warping for Content-Aware Retargeting\Debug\vc110.idb
D:\Dropbox\Programming\Projects\Patch-Based Image Warping for Content-Aware Retargeting\Patch-Based Image Warping for Content-Aware Retargeting\Debug\vc110.pdb
D:\Dropbox\Programming\Projects\Patch-Based Image Warping for Content-Aware Retargeting\Debug\Patch-Based Image Warping for Content-Aware Retargeting.pdb
D:\Dropbox\Programming\Projects\Patch-Based Image Warping for Content-Aware Retargeting\Debug\Patch-Based Image Warping for Content-Aware Retargeting.exe
D:\Dropbox\Programming\Projects\Patch-Based Image Warping for Content-Aware Retargeting\Debug\Patch-Based Image Warping for Content-Aware Retargeting.ilk
